<?xml version="1.0" encoding="UTF-8"?>
<Site BuildName="Linux-g++"
	BuildStamp="20231126-1705-Experimental"
	Name="astra"
	Generator="ctest-3.16.3"
	CompilerName="/usr/bin/g++"
	CompilerVersion="8.3.0"
	OSName="Linux"
	Hostname="astra"
	OSRelease="5.4.0-162-generic"
	OSVersion="#astra1+ci6-Ubuntu SMP Fri Oct 6 14:46:41 UTC 2023"
	OSPlatform="x86_64"
	Is64Bits="1"
	VendorString="GenuineIntel"
	VendorID="Intel Corporation"
	FamilyID="6"
	ModelID="140"
	ProcessorCacheSize="8192"
	NumberOfLogicalCPU="4"
	NumberOfPhysicalCPU="4"
	TotalVirtualMemory="974"
	TotalPhysicalMemory="3919"
	LogicalProcessorsPerPhysical="1"
	ProcessorClockFrequency="2419.2"
	>
	<Testing>
		<StartDateTime>Nov 26 20:05 MSK</StartDateTime>
		<StartTestTime>1701018320</StartTestTime>
		<TestList/>
		<EndDateTime>Nov 26 20:05 MSK</EndDateTime>
		<EndTestTime>1701018320</EndTestTime>
		<ElapsedMinutes>0</ElapsedMinutes>
	</Testing>
</Site>
